--- Startup times for process: Primary (or UI client) ---

times in msec
 clock   self+sourced   self:  sourced script
 clock   elapsed:              other lines

000.006  000.006: --- NVIM STARTING ---
000.057  000.051: event init
000.176  000.119: early init
017.261  017.085: locale set
017.306  000.045: init first window
018.161  000.854: inits 1
018.326  000.165: window checked
018.337  000.011: parsing arguments
019.615  000.470  000.470: require('vim.shared')
020.462  000.212  000.212: require('vim.inspect')
020.808  000.328  000.328: require('vim._options')
020.816  001.191  000.650: require('vim._editor')
020.821  001.795  000.135: require('vim._init_packages')
020.829  000.697: init lua interpreter
024.439  003.610: nvim_ui_attach
024.819  000.379: nvim_set_client_info
024.826  000.008: --- NVIM STARTED ---

--- Startup times for process: Embedded ---

times in msec
 clock   self+sourced   self:  sourced script
 clock   elapsed:              other lines

000.005  000.005: --- NVIM STARTING ---
000.059  000.054: event init
000.178  000.119: early init
017.337  017.159: locale set
017.385  000.048: init first window
018.080  000.695: inits 1
018.149  000.069: window checked
018.162  000.013: parsing arguments
019.461  000.471  000.471: require('vim.shared')
020.281  000.215  000.215: require('vim.inspect')
020.649  000.351  000.351: require('vim._options')
020.658  001.186  000.621: require('vim._editor')
020.670  001.812  000.155: require('vim._init_packages')
020.684  000.710: init lua interpreter
020.963  000.279: expanding arguments
020.986  000.023: inits 2
021.758  000.772: init highlight
021.764  000.006: waiting for UI
021.894  000.130: done waiting for UI
021.904  000.010: clear screen
022.514  000.044  000.044: require('vim.keymap')
023.469  000.236  000.236: sourcing nvim_exec2()
025.521  001.840  001.840: require('vim.termcap')
025.625  000.081  000.081: require('vim.text')
037.092  015.183  012.982: require('vim._defaults')
037.104  000.017: init default mappings & autocommands
037.518  000.123  000.123: sourcing C:\Program Files\Neovim\share\nvim\runtime\ftplugin.vim
037.895  000.077  000.077: sourcing C:\Program Files\Neovim\share\nvim\runtime\indent.vim
039.108  000.374  000.374: require('vim.fs')
039.426  000.305  000.305: require('vim.uri')
039.458  001.038  000.360: require('vim.loader')
059.115  019.566  019.566: require('xexperimente.config.options')
059.857  000.731  000.731: require('xexperimente.config.keybinds')
064.705  001.126  001.126: require('vim.lsp.log')
066.297  001.577  001.577: require('vim.lsp.protocol')
069.068  002.755  002.755: require('vim.lsp.util')
071.663  001.446  001.446: require('vim.lsp.sync')
071.694  002.608  001.162: require('vim.lsp._changetracking')
075.022  001.629  001.629: require('vim.lsp._transport')
075.082  003.374  001.745: require('vim.lsp.rpc')
075.160  015.077  003.637: require('vim.lsp')
079.410  000.057  000.057: require('vim.F')
079.496  004.301  004.245: require('vim.diagnostic')
079.536  019.670  000.292: require('xexperimente.config.lsp')
080.106  000.559  000.559: require('xexperimente.config.autocmd')
081.779  043.464  001.898: sourcing C:\Users\xexpe\AppData\Local\nvim-nightly\init.lua
081.909  001.141: sourcing vimrc file(s)
084.449  000.322  000.322: sourcing nvim_exec2() called at C:\Program Files\Neovim\share\nvim\runtime\filetype.lua:0
084.476  001.961  001.639: sourcing C:\Program Files\Neovim\share\nvim\runtime\filetype.lua
086.572  000.258  000.258: sourcing C:\Program Files\Neovim\share\nvim\runtime\syntax\synload.vim
086.879  001.184  000.926: sourcing C:\Program Files\Neovim\share/nvim/runtime/syntax/syntax.vim
091.999  000.358  000.358: sourcing C:\Program Files\Neovim\share\nvim\runtime\plugin\gzip.vim
102.212  000.591  000.591: sourcing C:\Program Files\Neovim\share\nvim\runtime\pack\dist\opt\matchit\plugin\matchit.vim
102.428  003.770  003.179: sourcing C:\Program Files\Neovim\share\nvim\runtime\plugin\matchit.vim
113.357  000.344  000.344: sourcing C:\Program Files\Neovim\share\nvim\runtime\plugin\matchparen.vim
134.274  000.729  000.729: sourcing C:\Program Files\Neovim\share\nvim\runtime\pack\dist\opt\netrw\plugin\netrwPlugin.vim
134.537  014.883  014.155: sourcing C:\Program Files\Neovim\share\nvim\runtime\plugin\netrwPlugin.vim
145.188  000.860  000.860: sourcing C:\Program Files\Neovim\share\nvim\runtime\plugin\rplugin.vim
145.547  000.123  000.123: sourcing C:\Program Files\Neovim\share\nvim\runtime\plugin\shada.vim
146.693  000.089  000.089: sourcing C:\Program Files\Neovim\share\nvim\runtime\plugin\spellfile.vim
155.262  000.204  000.204: sourcing C:\Program Files\Neovim\share\nvim\runtime\plugin\tarPlugin.vim
156.281  000.090  000.090: sourcing C:\Program Files\Neovim\share\nvim\runtime\plugin\tutor.vim
164.068  000.305  000.305: sourcing C:\Program Files\Neovim\share\nvim\runtime\plugin\zipPlugin.vim
165.194  000.856  000.856: sourcing C:\Program Files\Neovim\share\nvim\runtime\plugin\editorconfig.lua
166.314  000.920  000.920: sourcing C:\Program Files\Neovim\share\nvim\runtime\plugin\man.lua
167.393  000.875  000.875: sourcing C:\Program Files\Neovim\share\nvim\runtime\plugin\osc52.lua
168.432  000.840  000.840: sourcing C:\Program Files\Neovim\share\nvim\runtime\plugin\tohtml.lua
168.574  059.003: loading rtp plugins
169.558  000.984: loading packages
172.026  002.469: loading after plugins
172.131  000.105: inits 3
180.304  008.173: reading ShaDa
180.515  000.211: opening buffers
180.654  000.139: BufEnter autocommands
180.664  000.010: editing files in windows
187.177  001.018  001.018: require('vim.treesitter.language')
187.980  000.785  000.785: require('vim.func')
189.264  001.263  001.263: require('vim.func._memoize')
189.381  004.889  001.822: require('vim.treesitter.query')
190.723  001.329  001.329: require('vim.treesitter._range')
190.781  008.095  001.877: require('vim.treesitter.languagetree')
190.804  009.757  001.662: require('vim.treesitter')
193.811  002.993  002.993: require('vim.treesitter._fold')
193.996  000.581: VimEnter autocommands
194.643  000.648: UIEnter autocommands
235.130  038.289  038.289: sourcing C:\Program Files\Neovim\share\nvim\runtime\autoload\provider\clipboard.vim
235.160  002.228: before starting main loop
4970.959  4735.799: first screen update
4970.970  000.011: --- NVIM STARTED ---

